2016-07-04 3:32:37 - PHP Notice:  Undefined variable: category in /home/sam/sites/localhost5/catalog/view/theme/copy_default/template/common/header.tpl on line 570
2016-07-04 4:56:54 - PHP Notice:  Undefined variable: informations in /home/sam/sites/localhost5/catalog/view/theme/copy_default/template/common/header.tpl on line 666
2016-07-04 5:01:37 - PHP Notice:  Indirect modification of overloaded property ControllerCommonHeader::$data has no effect in /home/sam/sites/localhost5/catalog/controller/common/header.php on line 153
2016-07-04 5:05:53 - PHP Notice:  Indirect modification of overloaded property ControllerCommonHeader::$data has no effect in /home/sam/sites/localhost5/catalog/controller/common/header.php on line 153
2016-07-04 5:07:14 - PHP Notice:  Undefined variable: text_information in /home/sam/sites/localhost5/catalog/view/theme/copy_default/template/common/header.tpl on line 668
2016-07-04 5:19:58 - PHP Notice:  Undefined variable: text_service in /home/sam/sites/localhost5/catalog/view/theme/copy_default/template/common/header.tpl on line 709
2016-07-04 5:19:58 - PHP Notice:  Undefined variable: text_contact in /home/sam/sites/localhost5/catalog/view/theme/copy_default/template/common/header.tpl on line 711
2016-07-04 5:19:58 - PHP Notice:  Undefined variable: text_return in /home/sam/sites/localhost5/catalog/view/theme/copy_default/template/common/header.tpl on line 712
2016-07-04 5:20:53 - PHP Notice:  Undefined variable: text_contact in /home/sam/sites/localhost5/catalog/view/theme/copy_default/template/common/header.tpl on line 711
2016-07-04 5:20:53 - PHP Notice:  Undefined variable: text_return in /home/sam/sites/localhost5/catalog/view/theme/copy_default/template/common/header.tpl on line 712
2016-07-04 5:25:58 - PHP Notice:  Undefined variable: data in /home/sam/sites/localhost5/catalog/view/theme/copy_default/template/common/header.tpl on line 710
2016-07-04 5:25:58 - PHP Notice:  Undefined variable: data in /home/sam/sites/localhost5/catalog/view/theme/copy_default/template/common/header.tpl on line 711
2016-07-04 5:27:16 - PHP Notice:  Undefined variable: data in /home/sam/sites/localhost5/catalog/view/theme/copy_default/template/common/header.tpl on line 710
2016-07-04 5:27:16 - PHP Notice:  Undefined variable: data in /home/sam/sites/localhost5/catalog/view/theme/copy_default/template/common/header.tpl on line 711
2016-07-05 4:29:45 - PHP Notice:  Undefined variable: special in /home/sam/sites/localhost5/catalog/view/theme/dress_shop/template/common/header.tpl on line 483
2016-07-05 4:29:45 - PHP Notice:  Undefined variable: text_special in /home/sam/sites/localhost5/catalog/view/theme/dress_shop/template/common/header.tpl on line 483
2016-07-05 8:23:32 - PHP Notice:  Undefined variable: image in /home/sam/sites/localhost5/catalog/view/theme/dress_shop/template/product/product.tpl on line 146
2016-07-05 8:23:32 - PHP Notice:  Undefined variable: image in /home/sam/sites/localhost5/catalog/view/theme/dress_shop/template/product/product.tpl on line 146
2016-07-05 8:25:12 - PHP Notice:  Undefined variable: image in /home/sam/sites/localhost5/catalog/view/theme/dress_shop/template/product/product.tpl on line 146
2016-07-05 8:25:12 - PHP Notice:  Undefined variable: image in /home/sam/sites/localhost5/catalog/view/theme/dress_shop/template/product/product.tpl on line 146
2016-07-05 8:30:29 - PHP Notice:  Undefined variable: image in /home/sam/sites/localhost5/catalog/view/theme/dress_shop/template/product/product.tpl on line 139
2016-07-05 8:30:29 - PHP Notice:  Undefined variable: image in /home/sam/sites/localhost5/catalog/view/theme/dress_shop/template/product/product.tpl on line 139
2016-07-05 9:17:19 - PHP Notice:  Undefined variable: result in /home/sam/sites/localhost5/catalog/view/theme/dress_shop/template/product/product.tpl on line 241
2016-07-06 2:39:57 - PHP Warning:  imagejpeg(/home/sam/sites/localhost5/image/cache/catalog/demo/iphone_1-500x500.jpg): failed to open stream: Отказано в доступе in /home/sam/sites/localhost5/system/library/image.php on line 64
2016-07-06 2:39:57 - PHP Warning:  imagejpeg(/home/sam/sites/localhost5/image/cache/catalog/demo/iphone_1-228x228.jpg): failed to open stream: Отказано в доступе in /home/sam/sites/localhost5/system/library/image.php on line 64
2016-07-06 2:39:58 - PHP Warning:  imagejpeg(/home/sam/sites/localhost5/image/cache/catalog/demo/iphone_6-500x500.jpg): failed to open stream: Отказано в доступе in /home/sam/sites/localhost5/system/library/image.php on line 64
2016-07-06 2:39:58 - PHP Warning:  imagejpeg(/home/sam/sites/localhost5/image/cache/catalog/demo/iphone_6-74x74.jpg): failed to open stream: Отказано в доступе in /home/sam/sites/localhost5/system/library/image.php on line 64
2016-07-06 2:39:58 - PHP Warning:  imagejpeg(/home/sam/sites/localhost5/image/cache/catalog/demo/iphone_2-500x500.jpg): failed to open stream: Отказано в доступе in /home/sam/sites/localhost5/system/library/image.php on line 64
2016-07-06 2:39:58 - PHP Warning:  imagejpeg(/home/sam/sites/localhost5/image/cache/catalog/demo/iphone_2-74x74.jpg): failed to open stream: Отказано в доступе in /home/sam/sites/localhost5/system/library/image.php on line 64
2016-07-06 2:39:58 - PHP Warning:  imagejpeg(/home/sam/sites/localhost5/image/cache/catalog/demo/iphone_5-500x500.jpg): failed to open stream: Отказано в доступе in /home/sam/sites/localhost5/system/library/image.php on line 64
2016-07-06 2:39:59 - PHP Warning:  imagejpeg(/home/sam/sites/localhost5/image/cache/catalog/demo/iphone_5-74x74.jpg): failed to open stream: Отказано в доступе in /home/sam/sites/localhost5/system/library/image.php on line 64
2016-07-06 2:39:59 - PHP Warning:  imagejpeg(/home/sam/sites/localhost5/image/cache/catalog/demo/iphone_3-500x500.jpg): failed to open stream: Отказано в доступе in /home/sam/sites/localhost5/system/library/image.php on line 64
2016-07-06 2:39:59 - PHP Warning:  imagejpeg(/home/sam/sites/localhost5/image/cache/catalog/demo/iphone_3-74x74.jpg): failed to open stream: Отказано в доступе in /home/sam/sites/localhost5/system/library/image.php on line 64
2016-07-06 2:39:59 - PHP Warning:  imagejpeg(/home/sam/sites/localhost5/image/cache/catalog/demo/iphone_4-500x500.jpg): failed to open stream: Отказано в доступе in /home/sam/sites/localhost5/system/library/image.php on line 64
2016-07-06 2:39:59 - PHP Warning:  imagejpeg(/home/sam/sites/localhost5/image/cache/catalog/demo/iphone_4-74x74.jpg): failed to open stream: Отказано в доступе in /home/sam/sites/localhost5/system/library/image.php on line 64
2016-07-06 4:03:20 - PHP Warning:  Illegal string offset 'name' in /home/sam/sites/localhost5/catalog/view/theme/dress_shop/template/common/header.tpl on line 420
2016-07-06 4:56:53 - PHP Notice:  Undefined variable: text_language in /home/sam/sites/localhost5/catalog/view/theme/dress_shop/template/common/header.tpl on line 404
2016-07-06 5:08:36 - PHP Notice:  Undefined variable: text_language in /home/sam/sites/localhost5/catalog/view/theme/dress_shop/template/common/header.tpl on line 404
2016-07-06 5:10:54 - PHP Notice:  Undefined variable: text_language in /home/sam/sites/localhost5/catalog/view/theme/dress_shop/template/common/header.tpl on line 404
2016-07-07 1:36:24 - PHP Notice:  Undefined index: firstname in /home/sam/sites/localhost5/catalog/controller/account/register.php on line 354
2016-07-07 1:36:24 - PHP Notice:  Undefined index: lastname in /home/sam/sites/localhost5/catalog/controller/account/register.php on line 358
2016-07-07 1:36:24 - PHP Notice:  Undefined index: email in /home/sam/sites/localhost5/catalog/controller/account/register.php on line 362
2016-07-07 1:36:24 - PHP Notice:  Undefined index: email in /home/sam/sites/localhost5/catalog/controller/account/register.php on line 362
2016-07-07 1:36:24 - PHP Notice:  Undefined index: email in /home/sam/sites/localhost5/catalog/controller/account/register.php on line 366
2016-07-07 1:36:24 - PHP Notice:  Undefined index: telephone in /home/sam/sites/localhost5/catalog/controller/account/register.php on line 370
2016-07-07 1:36:24 - PHP Notice:  Undefined index: address_1 in /home/sam/sites/localhost5/catalog/controller/account/register.php on line 374
2016-07-07 1:36:24 - PHP Notice:  Undefined index: city in /home/sam/sites/localhost5/catalog/controller/account/register.php on line 378
2016-07-07 1:36:24 - PHP Notice:  Undefined index: country_id in /home/sam/sites/localhost5/catalog/controller/account/register.php on line 384
2016-07-07 1:36:24 - PHP Notice:  Undefined index: country_id in /home/sam/sites/localhost5/catalog/controller/account/register.php on line 390
2016-07-07 1:36:24 - PHP Notice:  Undefined index: password in /home/sam/sites/localhost5/catalog/controller/account/register.php on line 418
2016-07-07 1:36:24 - PHP Notice:  Undefined index: confirm in /home/sam/sites/localhost5/catalog/controller/account/register.php on line 422
2016-07-07 1:36:24 - PHP Notice:  Undefined index: password in /home/sam/sites/localhost5/catalog/controller/account/register.php on line 422
2016-07-07 1:48:24 - PHP Notice:  Undefined index: lastname in /home/sam/sites/localhost5/catalog/controller/account/register.php on line 358
2016-07-07 1:48:24 - PHP Notice:  Undefined index: telephone in /home/sam/sites/localhost5/catalog/controller/account/register.php on line 370
2016-07-07 1:48:24 - PHP Notice:  Undefined index: address_1 in /home/sam/sites/localhost5/catalog/controller/account/register.php on line 374
2016-07-07 1:48:24 - PHP Notice:  Undefined index: city in /home/sam/sites/localhost5/catalog/controller/account/register.php on line 378
2016-07-07 1:48:24 - PHP Notice:  Undefined index: country_id in /home/sam/sites/localhost5/catalog/controller/account/register.php on line 384
2016-07-07 1:48:24 - PHP Notice:  Undefined index: country_id in /home/sam/sites/localhost5/catalog/controller/account/register.php on line 390
2016-07-07 1:48:24 - PHP Notice:  Undefined index: confirm in /home/sam/sites/localhost5/catalog/controller/account/register.php on line 422
2016-07-07 1:57:28 - PHP Notice:  Undefined index: telephone in /home/sam/sites/localhost5/catalog/controller/account/register.php on line 370
2016-07-07 1:57:28 - PHP Notice:  Undefined index: address_1 in /home/sam/sites/localhost5/catalog/controller/account/register.php on line 374
2016-07-07 1:57:28 - PHP Notice:  Undefined index: city in /home/sam/sites/localhost5/catalog/controller/account/register.php on line 378
2016-07-07 1:57:28 - PHP Notice:  Undefined index: country_id in /home/sam/sites/localhost5/catalog/controller/account/register.php on line 384
2016-07-07 1:57:28 - PHP Notice:  Undefined index: country_id in /home/sam/sites/localhost5/catalog/controller/account/register.php on line 390
2016-07-07 1:57:28 - PHP Notice:  Undefined index: confirm in /home/sam/sites/localhost5/catalog/controller/account/register.php on line 422
2016-07-07 1:58:43 - PHP Notice:  Undefined index: telephone in /home/sam/sites/localhost5/catalog/controller/account/register.php on line 370
2016-07-07 1:58:43 - PHP Notice:  Undefined index: address_1 in /home/sam/sites/localhost5/catalog/controller/account/register.php on line 374
2016-07-07 1:58:43 - PHP Notice:  Undefined index: city in /home/sam/sites/localhost5/catalog/controller/account/register.php on line 378
2016-07-07 1:58:43 - PHP Notice:  Undefined index: country_id in /home/sam/sites/localhost5/catalog/controller/account/register.php on line 384
2016-07-07 1:58:43 - PHP Notice:  Undefined index: country_id in /home/sam/sites/localhost5/catalog/controller/account/register.php on line 390
2016-07-07 1:58:43 - PHP Notice:  Undefined index: confirm in /home/sam/sites/localhost5/catalog/controller/account/register.php on line 422
2016-07-07 2:07:10 - PHP Notice:  Undefined index: confirm in /home/sam/sites/localhost5/catalog/controller/account/register.php on line 422
2016-07-07 2:08:26 - PHP Notice:  Undefined index: confirm in /home/sam/sites/localhost5/catalog/controller/account/register.php on line 422
2016-07-07 2:18:45 - PHP Notice:  Undefined index: fax in /home/sam/sites/localhost5/catalog/model/account/customer.php on line 14
2016-07-07 2:18:45 - PHP Notice:  Undefined index: address_2 in /home/sam/sites/localhost5/catalog/model/account/customer.php on line 18
